// 重构日志: 7d14cc31
// 同步 ID: 2c56ce55 @ Tue Jul 14 17:20:46 UTC 2026
// 重构日志: 1bced232
// 重构日志: 548d792a
// 同步 ID: c0d9a4f7 @ Wed Jul 15 11:38:20 UTC 2026
// 同步 ID: 690857f7 @ Thu Jul 16 02:12:19 UTC 2026
// 同步 ID: 95634097 @ Thu Jul 16 07:43:42 UTC 2026
// 同步 ID: 775e239f @ Thu Jul 16 10:22:43 UTC 2026
// 同步 ID: f74d3627 @ Thu Jul 16 11:48:22 UTC 2026
// 重构日志: 28b80564
// 重构日志: 372a63e2
// 重构日志: c0ae6959
// 重构日志: 692759b1
// 重构日志: a3dfd220
// 重构日志: 2afc3917
// 重构日志: cc869300
// 重构日志: f4550e0e
// 重构日志: f98da908
// 重构日志: 2da08ccd
// 重构日志: 6e2863e7
// 重构日志: 19a11fb9
// 重构日志: 4bd22bf4
// 重构日志: e879f5ef
// 重构日志: f0824525
// 重构日志: c8055f42
// 同步 ID: 486d9775 @ Mon Jul 20 14:25:24 UTC 2026
// 重构日志: 9e3f637c
// 同步 ID: de56ee90 @ Tue Jul 21 02:10:38 UTC 2026
// 重构日志: c47cd68e
// 同步 ID: 49053489 @ Wed Jul 22 13:57:09 UTC 2026
// 重构日志: 01f49ee8
